[debug] > Exec({file:/C:/Users/jkhol/Desktop/IdeaProjects/lab1-2/}lab1-2/ testOnly lab1.BalanceSpec, None, None)
[debug] Evaluating tasks: Test / testOnly
[debug] Running task... Cancel: Signal, check cycles: false, forcegc: true
[info] compiling 6 Scala sources to C:\Users\jkhol\Desktop\IdeaProjects\lab1-2\target\scala-2.13\classes ...
[info] done compiling
[info] compiling 3 Scala sources to C:\Users\jkhol\Desktop\IdeaProjects\lab1-2\target\scala-2.13\test-classes ...
[info] done compiling
[info] BalanceSpec:
[info] - '(a (0? b) max (/ 2 z))' balance
[info] - 'Bla bla (bla ...' balance
[info] - '())(' no balance *** FAILED ***
[info]   false was not equal to true (BalanceSpec.scala:19)
[info] Run completed in 874 milliseconds.
[info] Total number of tests run: 3
[info] Suites: completed 1, aborted 0
[info] Tests: succeeded 2, failed 1, canceled 0, ignored 0, pending 0
[info] *** 1 TEST FAILED ***
[error] Failed tests:
[error] 	lab1.BalanceSpec
[debug] Forcing garbage collection...
[error] (Test / testOnly) sbt.TestsFailedException: Tests unsuccessful
[error] Total time: 19 s, completed Mar 25, 2022 1:15:28 PM
[debug] > Exec(idea-shell, None, None)
[debug] > Exec(, None, None)
[debug] > Exec(idea-shell, None, None)
