[debug] > Exec(reload, None, None)
[debug] > Exec(sbtStashOnFailure, None, None)
[debug] > Exec(onFailure loadFailed, None, None)
[debug] > Exec(loadp, None, None)
[info] welcome to sbt 1.5.8 (Amazon.com Inc. Java 1.8.0_252)
[debug]                               Load.loadUnit: plugins took 22.4217ms
[debug]                               Load.loadUnit: defsScala took 0.0029ms
[debug] [Loading] Scanning directory C:\Users\jkhol\.sbt\1.0\plugins
[debug] [Loading] Found non-root projects 
[debug] [Loading] Done in C:\Users\jkhol\.sbt\1.0\plugins, returning: ()
[debug] deducing auto plugins based on known facts Set(Atom(sbt.plugins.CorePlugin)) and clauses Clauses(Clause(Atom(sbt.plugins.JvmPlugin),Set(Atom(sbt.plugins.IvyPlugin)))
[debug] Clause(Atom(sbt.ScriptedPlugin),Set(Atom(sbt.plugins.JvmPlugin)))
[debug] Clause(Atom(sbt.plugins.SbtPlugin),Set(Atom(sbt.ScriptedPlugin)))
[debug] Clause(Atom(sbt.plugins.SemanticdbPlugin),Set(Atom(sbt.plugins.JvmPlugin)))
[debug] Clause(Atom(sbt.plugins.JUnitXmlReportPlugin),Set(Atom(sbt.plugins.JvmPlugin)))
[debug] Clause(Atom(sbt.plugins.MiniDependencyTreePlugin),Set(Atom(sbt.plugins.JvmPlugin)))
[debug] Clause(Atom(sbt.plugins.CorePlugin),Set(Atom(sbt.plugins.IvyPlugin)))
[debug] Clause(Atom(sbt.plugins.IvyPlugin),Set(Atom(sbt.plugins.JvmPlugin)))
[debug] Clause(Atom(sbt.plugins.JvmPlugin),Set(Atom(sbt.plugins.SemanticdbPlugin)))
[debug] Clause(Atom(sbt.plugins.JvmPlugin),Set(Atom(sbt.plugins.JUnitXmlReportPlugin)))
[debug] Clause(Atom(sbt.plugins.CorePlugin),Set(Atom(sbt.plugins.Giter8TemplatePlugin)))
[debug] Clause(Atom(sbt.plugins.JvmPlugin),Set(Atom(sbt.plugins.MiniDependencyTreePlugin))))
[debug]   :: deduced result: Matched(sbt.plugins.CorePlugin,sbt.plugins.Giter8TemplatePlugin,sbt.plugins.IvyPlugin,sbt.plugins.JvmPlugin,sbt.plugins.MiniDependencyTreePlugin,sbt.plugins.JUnitXmlReportPlugin,sbt.plugins.SemanticdbPlugin)
[debug] Plugins.deducer#function took 0.9782 ms
[debug]                                   Load.resolveProject(global-plugins) took 0.9195ms
[debug]                                 Load.loadTransitive: finalizeProject(Project(id global-plugins, base: C:\Users\jkhol\.sbt\1.0\plugins, plugins: List(<none>))) took 2.2447ms
[debug] [Loading] Done in C:\Users\jkhol\.sbt\1.0\plugins, returning: (global-plugins)
[debug]                               Load.loadUnit: loadedProjectsRaw took 3.4642ms
[debug]                               Load.loadUnit: cleanEvalClasses took 0.0072ms
[debug]                             Load.loadUnit(file:/C:/Users/jkhol/.sbt/1.0/plugins/, ...) took 26.5862ms
[debug]                           Load.apply: load took 27.5102ms
[debug]                           Load.apply: resolveProjects took 0.0742ms
[debug]                           Load.apply: finalTransforms took 4.6608ms
[debug]                           Load.apply: config.delegates took 0.192ms
[debug]                           Load.apply: Def.make(settings)... took 34.4818ms
[debug]                           Load.apply: structureIndex took 10.3878ms
[debug]                           Load.apply: mkStreams took 0.0023ms
[info] loading global plugins from C:\Users\jkhol\.sbt\1.0\plugins
[debug] Running task... Cancel: Signal, check cycles: false, forcegc: true
[debug]                         Load.defaultLoad until apply took 190.7405ms
[debug]                                   Load.loadUnit: plugins took 22.3838ms
[debug]                                   Load.loadUnit: defsScala took 0.0031ms
[debug] [Loading] Scanning directory C:\Users\jkhol\Desktop\IdeaProjects\lab1-2\project
[debug]                                     Load.loadUnit: mkEval took 0.2433ms
[debug] [Loading] Found non-root projects 
[debug] [Loading] Done in C:\Users\jkhol\Desktop\IdeaProjects\lab1-2\project, returning: ()
[debug] deducing auto plugins based on known facts Set(Atom(sbt.plugins.CorePlugin)) and clauses Clauses(Clause(Atom(sbt.plugins.JvmPlugin),Set(Atom(sbt.plugins.IvyPlugin)))
[debug] Clause(Atom(sbt.ScriptedPlugin),Set(Atom(sbt.plugins.JvmPlugin)))
[debug] Clause(Atom(sbt.plugins.SbtPlugin),Set(Atom(sbt.ScriptedPlugin)))
[debug] Clause(Atom(sbt.plugins.SemanticdbPlugin),Set(Atom(sbt.plugins.JvmPlugin)))
[debug] Clause(Atom(sbt.plugins.JUnitXmlReportPlugin),Set(Atom(sbt.plugins.JvmPlugin)))
[debug] Clause(Atom(sbt.plugins.MiniDependencyTreePlugin),Set(Atom(sbt.plugins.JvmPlugin)))
[debug] Clause(Atom(sbt.plugins.CorePlugin),Set(Atom(sbt.plugins.IvyPlugin)))
[debug] Clause(Atom(sbt.plugins.IvyPlugin),Set(Atom(sbt.plugins.JvmPlugin)))
[debug] Clause(Atom(sbt.plugins.JvmPlugin),Set(Atom(sbt.plugins.SemanticdbPlugin)))
[debug] Clause(Atom(sbt.plugins.JvmPlugin),Set(Atom(sbt.plugins.JUnitXmlReportPlugin)))
[debug] Clause(Atom(sbt.plugins.CorePlugin),Set(Atom(sbt.plugins.Giter8TemplatePlugin)))
[debug] Clause(Atom(sbt.plugins.JvmPlugin),Set(Atom(sbt.plugins.MiniDependencyTreePlugin))))
[debug]   :: deduced result: Matched(sbt.plugins.CorePlugin,sbt.plugins.Giter8TemplatePlugin,sbt.plugins.IvyPlugin,sbt.plugins.JvmPlugin,sbt.plugins.MiniDependencyTreePlugin,sbt.plugins.JUnitXmlReportPlugin,sbt.plugins.SemanticdbPlugin)
[debug] Plugins.deducer#function took 0.8728 ms
[info] loading settings for project lab1-2-build from idea.sbt ...
[debug]                                       Load.resolveProject(lab1-2-build) took 1.1626ms
[debug]                                     Load.loadTransitive: finalizeProject(Project(id lab1-2-build, base: C:\Users\jkhol\Desktop\IdeaProjects\lab1-2\project, plugins: List(<none>))) took 2.2964ms
[debug] [Loading] Done in C:\Users\jkhol\Desktop\IdeaProjects\lab1-2\project, returning: (lab1-2-build)
[debug]                                   Load.loadUnit: loadedProjectsRaw took 19.4761ms
[debug]                                   Load.loadUnit: cleanEvalClasses took 1.2986ms
[debug]                                 Load.loadUnit(file:/C:/Users/jkhol/Desktop/IdeaProjects/lab1-2/project/, ...) took 43.9011ms
[debug]                               Load.apply: load took 45.5156ms
[debug]                               Load.apply: resolveProjects took 0.0692ms
[debug]                               Load.apply: finalTransforms took 4.8266ms
[debug]                               Load.apply: config.delegates took 0.2793ms
[debug]                               Load.apply: Def.make(settings)... took 37.4767ms
[debug]                               Load.apply: structureIndex took 10.0926ms
[debug]                               Load.apply: mkStreams took 0.003ms
[info] loading project definition from C:\Users\jkhol\Desktop\IdeaProjects\lab1-2\project
[debug] Running task... Cancel: Signal, check cycles: false, forcegc: true
[warn] Unrecognized repository Scala Plugin Bundled Repository, ignoring it
[debug]                             Load.loadUnit: plugins took 5156.0232ms
[debug]                             Load.loadUnit: defsScala took 0.0033ms
[debug] [Loading] Scanning directory C:\Users\jkhol\Desktop\IdeaProjects\lab1-2
[debug]                               Load.loadUnit: mkEval took 0.4504ms
[debug] [Loading] Found non-root projects 
[debug] [Loading] Done in C:\Users\jkhol\Desktop\IdeaProjects\lab1-2, returning: ()
[debug] deducing auto plugins based on known facts Set(Atom(sbt.plugins.CorePlugin)) and clauses Clauses(Clause(Atom(sbt.plugins.JvmPlugin),Set(Atom(sbt.plugins.IvyPlugin)))
[debug] Clause(Atom(sbt.ScriptedPlugin),Set(Atom(sbt.plugins.JvmPlugin)))
[debug] Clause(Atom(sbt.plugins.SbtPlugin),Set(Atom(sbt.ScriptedPlugin)))
[debug] Clause(Atom(sbt.plugins.SemanticdbPlugin),Set(Atom(sbt.plugins.JvmPlugin)))
[debug] Clause(Atom(sbt.plugins.JUnitXmlReportPlugin),Set(Atom(sbt.plugins.JvmPlugin)))
[debug] Clause(Atom(sbt.plugins.MiniDependencyTreePlugin),Set(Atom(sbt.plugins.JvmPlugin)))
[debug] Clause(Atom(org.jetbrains.sbt.StructurePlugin),Set(Atom(sbt.plugins.JvmPlugin)))
[debug] Clause(Atom(org.jetbrains.sbt.IdeaShellPlugin),Set(Atom(sbt.plugins.JvmPlugin)))
[debug] Clause(Atom(org.jetbrains.sbt.indices.SbtIntellijIndicesPlugin),Set(Atom(sbt.plugins.JvmPlugin)))
[debug] Clause(Atom(sbt.plugins.CorePlugin),Set(Atom(sbt.plugins.IvyPlugin)))
[debug] Clause(Atom(sbt.plugins.IvyPlugin),Set(Atom(sbt.plugins.JvmPlugin)))
[debug] Clause(Atom(sbt.plugins.JvmPlugin),Set(Atom(sbt.plugins.SemanticdbPlugin)))
[debug] Clause(Atom(sbt.plugins.JvmPlugin),Set(Atom(sbt.plugins.JUnitXmlReportPlugin)))
[debug] Clause(Atom(sbt.plugins.CorePlugin),Set(Atom(sbt.plugins.Giter8TemplatePlugin)))
[debug] Clause(Atom(sbt.plugins.JvmPlugin),Set(Atom(sbt.plugins.MiniDependencyTreePlugin)))
[debug] Clause(Atom(sbt.plugins.JvmPlugin),Set(Atom(org.jetbrains.sbt.StructurePlugin)))
[debug] Clause(Atom(sbt.plugins.JvmPlugin),Set(Atom(org.jetbrains.sbt.IdeaShellPlugin)))
[debug] Clause(And(Set(Atom(sbt.plugins.CorePlugin), Atom(sbt.plugins.JvmPlugin))),Set(Atom(org.jetbrains.sbt.indices.SbtIntellijIndicesPlugin))))
[debug]   :: deduced result: Matched(sbt.plugins.CorePlugin,sbt.plugins.Giter8TemplatePlugin,sbt.plugins.IvyPlugin,sbt.plugins.JvmPlugin,sbt.plugins.SemanticdbPlugin,org.jetbrains.sbt.indices.SbtIntellijIndicesPlugin,sbt.plugins.JUnitXmlReportPlugin,org.jetbrains.sbt.IdeaShellPlugin,org.jetbrains.sbt.StructurePlugin,sbt.plugins.MiniDependencyTreePlugin)
[debug] Plugins.deducer#function took 1.8257 ms
[info] loading settings for project lab1-2 from build.sbt ...
[debug]                                 Load.resolveProject(lab1-2) took 35.4553ms
[debug]                               Load.loadTransitive: finalizeProject(Project(id lab1-2, base: C:\Users\jkhol\Desktop\IdeaProjects\lab1-2, plugins: List(<none>))) took 39.4676ms
[debug] [Loading] Done in C:\Users\jkhol\Desktop\IdeaProjects\lab1-2, returning: (lab1-2)
[debug]                             Load.loadUnit: loadedProjectsRaw took 2303.7232ms
[debug]                             Load.loadUnit: cleanEvalClasses took 10.6921ms
[debug]                           Load.loadUnit(file:/C:/Users/jkhol/Desktop/IdeaProjects/lab1-2/, ...) took 7470.8165ms
[debug]                         Load.apply: load took 7472.3802ms
[debug]                         Load.apply: resolveProjects took 0.1414ms
[debug]                         Load.apply: finalTransforms took 29.4194ms
[debug]                         Load.apply: config.delegates took 0.2953ms
[debug]                         Load.apply: Def.make(settings)... took 50.1246ms
[debug]                         Load.apply: structureIndex took 12.4326ms
[debug]                         Load.apply: mkStreams took 0.0066ms
[info] set current project to lab1-2 (in build file:/C:/Users/jkhol/Desktop/IdeaProjects/lab1-2/)
[debug] > Exec(sbtPopOnFailure, None, None)
[debug] > Exec(resumeFromFailure, None, None)
[debug] > Exec(resumeFromFailure, None, None)
[debug] > Exec(resumeFromFailure, None, None)
[debug] > Exec(resumeFromFailure, None, None)
[debug] > Exec(resumeFromFailure, None, None)
[debug] > Exec(notifyUsersAboutShell, None, None)
[debug] > Exec(iflast shell, None, None)
[debug] > Exec(; set ideaPort in Global := 61907 ; idea-shell, None, None)
[debug] > Exec(set ideaPort in Global := 61907, None, None)
[info] Defining Global / ideaPort
[info] The new value will be used by Compile / compile, Test / compile
[debug] Defining 
[debug] 	Global / ideaPort
[debug] 
[debug] The new value will be used by 
[debug] 	Compile / compile
[debug] 	Test / compile
[info] Reapplying settings...
[info] set current project to lab1-2 (in build file:/C:/Users/jkhol/Desktop/IdeaProjects/lab1-2/)
[debug] > Exec(idea-shell, None, None)
